This is pdfTeX, Version 3.141592653-2.6-1.40.22 (TeX Live 2021) (preloaded format=pdflatex 2021.10.7)  18 APR 2023 12:07
entering extended mode
 restricted \write18 enabled.
 %&-line parsing enabled.
**experimenting.tex
(./experimenting.tex
LaTeX2e <2020-10-01> patch level 4
L3 programming layer <2021-02-18>
(/usr/local/texlive/2021/texmf-dist/tex/latex/base/article.cls
Document Class: article 2020/04/10 v1.4m Standard LaTeX document class
(/usr/local/texlive/2021/texmf-dist/tex/latex/base/size12.clo
File: size12.clo 2020/04/10 v1.4m Standard LaTeX file (size option)
)
\c@part=\count179
\c@section=\count180
\c@subsection=\count181
\c@subsubsection=\count182
\c@paragraph=\count183
\c@subparagraph=\count184
\c@figure=\count185
\c@table=\count186
\abovecaptionskip=\skip47
\belowcaptionskip=\skip48
\bibindent=\dimen138
)
(/usr/local/texlive/2021/texmf-dist/tex/latex/geometry/geometry.sty
Package: geometry 2020/01/02 v5.9 Page Geometry

(/usr/local/texlive/2021/texmf-dist/tex/latex/graphics/keyval.sty
Package: keyval 2014/10/28 v1.15 key=value parser (DPC)
\KV@toks@=\toks15
)
(/usr/local/texlive/2021/texmf-dist/tex/generic/iftex/ifvtex.sty
Package: ifvtex 2019/10/25 v1.7 ifvtex legacy package. Use iftex instead.

(/usr/local/texlive/2021/texmf-dist/tex/generic/iftex/iftex.sty
Package: iftex 2020/03/06 v1.0d TeX engine tests
))
\Gm@cnth=\count187
\Gm@cntv=\count188
\c@Gm@tempcnt=\count189
\Gm@bindingoffset=\dimen139
\Gm@wd@mp=\dimen140
\Gm@odd@mp=\dimen141
\Gm@even@mp=\dimen142
\Gm@layoutwidth=\dimen143
\Gm@layoutheight=\dimen144
\Gm@layouthoffset=\dimen145
\Gm@layoutvoffset=\dimen146
\Gm@dimlist=\toks16
)
(/usr/local/texlive/2021/texmf-dist/tex/latex/base/inputenc.sty
Package: inputenc 2020/08/01 v1.3d Input encoding file
\inpenc@prehook=\toks17
\inpenc@posthook=\toks18
)
(/usr/local/texlive/2021/texmf-dist/tex/latex/amsmath/amsmath.sty
Package: amsmath 2020/09/23 v2.17i AMS math features
\@mathmargin=\skip49

For additional information on amsmath, use the `?' option.
(/usr/local/texlive/2021/texmf-dist/tex/latex/amsmath/amstext.sty
Package: amstext 2000/06/29 v2.01 AMS text

(/usr/local/texlive/2021/texmf-dist/tex/latex/amsmath/amsgen.sty
File: amsgen.sty 1999/11/30 v2.0 generic functions
\@emptytoks=\toks19
\ex@=\dimen147
))
(/usr/local/texlive/2021/texmf-dist/tex/latex/amsmath/amsbsy.sty
Package: amsbsy 1999/11/29 v1.2d Bold Symbols
\pmbraise@=\dimen148
)
(/usr/local/texlive/2021/texmf-dist/tex/latex/amsmath/amsopn.sty
Package: amsopn 2016/03/08 v2.02 operator names
)
\inf@bad=\count190
LaTeX Info: Redefining \frac on input line 234.
\uproot@=\count191
\leftroot@=\count192
LaTeX Info: Redefining \overline on input line 399.
\classnum@=\count193
\DOTSCASE@=\count194
LaTeX Info: Redefining \ldots on input line 496.
LaTeX Info: Redefining \dots on input line 499.
LaTeX Info: Redefining \cdots on input line 620.
\Mathstrutbox@=\box47
\strutbox@=\box48
\big@size=\dimen149
LaTeX Font Info:    Redeclaring font encoding OML on input line 743.
LaTeX Font Info:    Redeclaring font encoding OMS on input line 744.
\macc@depth=\count195
\c@MaxMatrixCols=\count196
\dotsspace@=\muskip16
\c@parentequation=\count197
\dspbrk@lvl=\count198
\tag@help=\toks20
\row@=\count199
\column@=\count266
\maxfields@=\count267
\andhelp@=\toks21
\eqnshift@=\dimen150
\alignsep@=\dimen151
\tagshift@=\dimen152
\tagwidth@=\dimen153
\totwidth@=\dimen154
\lineht@=\dimen155
\@envbody=\toks22
\multlinegap=\skip50
\multlinetaggap=\skip51
\mathdisplay@stack=\toks23
LaTeX Info: Redefining \[ on input line 2923.
LaTeX Info: Redefining \] on input line 2924.
)
(/usr/local/texlive/2021/texmf-dist/tex/latex/amsfonts/amsfonts.sty
Package: amsfonts 2013/01/14 v3.01 Basic AMSFonts support
\symAMSa=\mathgroup4
\symAMSb=\mathgroup5
LaTeX Font Info:    Redeclaring math symbol \hbar on input line 98.
LaTeX Font Info:    Overwriting math alphabet `\mathfrak' in version `bold'
(Font)                  U/euf/m/n --> U/euf/b/n on input line 106.
)
(/usr/local/texlive/2021/texmf-dist/tex/latex/amsfonts/amssymb.sty
Package: amssymb 2013/01/14 v3.01 AMS font symbols
)
(/usr/local/texlive/2021/texmf-dist/tex/latex/graphics/graphicx.sty
Package: graphicx 2020/09/09 v1.2b Enhanced LaTeX Graphics (DPC,SPQR)

(/usr/local/texlive/2021/texmf-dist/tex/latex/graphics/graphics.sty
Package: graphics 2020/08/30 v1.4c Standard LaTeX Graphics (DPC,SPQR)

(/usr/local/texlive/2021/texmf-dist/tex/latex/graphics/trig.sty
Package: trig 2016/01/03 v1.10 sin cos tan (DPC)
)
(/usr/local/texlive/2021/texmf-dist/tex/latex/graphics-cfg/graphics.cfg
File: graphics.cfg 2016/06/04 v1.11 sample graphics configuration
)
Package graphics Info: Driver file: pdftex.def on input line 105.

(/usr/local/texlive/2021/texmf-dist/tex/latex/graphics-def/pdftex.def
File: pdftex.def 2020/10/05 v1.2a Graphics/color driver for pdftex
))
\Gin@req@height=\dimen156
\Gin@req@width=\dimen157
)
(/usr/local/texlive/2021/texmf-dist/tex/latex/mathtools/mathtools.sty
Package: mathtools 2021/03/18 v1.25 mathematical typesetting tools

(/usr/local/texlive/2021/texmf-dist/tex/latex/tools/calc.sty
Package: calc 2017/05/25 v4.3 Infix arithmetic (KKT,FJ)
\calc@Acount=\count268
\calc@Bcount=\count269
\calc@Adimen=\dimen158
\calc@Bdimen=\dimen159
\calc@Askip=\skip52
\calc@Bskip=\skip53
LaTeX Info: Redefining \setlength on input line 80.
LaTeX Info: Redefining \addtolength on input line 81.
\calc@Ccount=\count270
\calc@Cskip=\skip54
)
(/usr/local/texlive/2021/texmf-dist/tex/latex/mathtools/mhsetup.sty
Package: mhsetup 2021/03/18 v1.4 programming setup (MH)
)
LaTeX Info: Thecontrolsequence`\('isalreadyrobust on input line 130.
LaTeX Info: Thecontrolsequence`\)'isalreadyrobust on input line 130.
LaTeX Info: Thecontrolsequence`\['isalreadyrobust on input line 130.
LaTeX Info: Thecontrolsequence`\]'isalreadyrobust on input line 130.
\g_MT_multlinerow_int=\count271
\l_MT_multwidth_dim=\dimen160
\origjot=\skip55
\l_MT_shortvdotswithinadjustabove_dim=\dimen161
\l_MT_shortvdotswithinadjustbelow_dim=\dimen162
\l_MT_above_intertext_sep=\dimen163
\l_MT_below_intertext_sep=\dimen164
\l_MT_above_shortintertext_sep=\dimen165
\l_MT_below_shortintertext_sep=\dimen166
\xmathstrut@box=\box49
\xmathstrut@dim=\dimen167
)
(/usr/local/texlive/2021/texmf-dist/tex/latex/hyperref/hyperref.sty
Package: hyperref 2021-02-27 v7.00k Hypertext links for LaTeX

(/usr/local/texlive/2021/texmf-dist/tex/generic/ltxcmds/ltxcmds.sty
Package: ltxcmds 2020-05-10 v1.25 LaTeX kernel commands for general use (HO)
)
(/usr/local/texlive/2021/texmf-dist/tex/generic/pdftexcmds/pdftexcmds.sty
Package: pdftexcmds 2020-06-27 v0.33 Utility functions of pdfTeX for LuaTeX (HO
)

(/usr/local/texlive/2021/texmf-dist/tex/generic/infwarerr/infwarerr.sty
Package: infwarerr 2019/12/03 v1.5 Providing info/warning/error messages (HO)
)
Package pdftexcmds Info: \pdf@primitive is available.
Package pdftexcmds Info: \pdf@ifprimitive is available.
Package pdftexcmds Info: \pdfdraftmode found.
)
(/usr/local/texlive/2021/texmf-dist/tex/generic/kvsetkeys/kvsetkeys.sty
Package: kvsetkeys 2019/12/15 v1.18 Key value parser (HO)
)
(/usr/local/texlive/2021/texmf-dist/tex/generic/kvdefinekeys/kvdefinekeys.sty
Package: kvdefinekeys 2019-12-19 v1.6 Define keys (HO)
)
(/usr/local/texlive/2021/texmf-dist/tex/generic/pdfescape/pdfescape.sty
Package: pdfescape 2019/12/09 v1.15 Implements pdfTeX's escape features (HO)
)
(/usr/local/texlive/2021/texmf-dist/tex/latex/hycolor/hycolor.sty
Package: hycolor 2020-01-27 v1.10 Color options for hyperref/bookmark (HO)
)
(/usr/local/texlive/2021/texmf-dist/tex/latex/letltxmacro/letltxmacro.sty
Package: letltxmacro 2019/12/03 v1.6 Let assignment for LaTeX macros (HO)
)
(/usr/local/texlive/2021/texmf-dist/tex/latex/auxhook/auxhook.sty
Package: auxhook 2019-12-17 v1.6 Hooks for auxiliary files (HO)
)
(/usr/local/texlive/2021/texmf-dist/tex/latex/kvoptions/kvoptions.sty
Package: kvoptions 2020-10-07 v3.14 Key value format for package options (HO)
)
\@linkdim=\dimen168
\Hy@linkcounter=\count272
\Hy@pagecounter=\count273

(/usr/local/texlive/2021/texmf-dist/tex/latex/hyperref/pd1enc.def
File: pd1enc.def 2021-02-27 v7.00k Hyperref: PDFDocEncoding definition (HO)
Now handling font encoding PD1 ...
... no UTF-8 mapping file for font encoding PD1
)
(/usr/local/texlive/2021/texmf-dist/tex/latex/hyperref/hyperref-langpatches.def
File: hyperref-langpatches.def 2021-02-27 v7.00k Hyperref: patches for babel la
nguages
) (/usr/local/texlive/2021/texmf-dist/tex/generic/intcalc/intcalc.sty
Package: intcalc 2019/12/15 v1.3 Expandable calculations with integers (HO)
)
(/usr/local/texlive/2021/texmf-dist/tex/generic/etexcmds/etexcmds.sty
Package: etexcmds 2019/12/15 v1.7 Avoid name clashes with e-TeX commands (HO)
)
\Hy@SavedSpaceFactor=\count274

(/usr/local/texlive/2021/texmf-dist/tex/latex/hyperref/puenc.def
File: puenc.def 2021-02-27 v7.00k Hyperref: PDF Unicode definition (HO)
Now handling font encoding PU ...
... no UTF-8 mapping file for font encoding PU
)
Package hyperref Info: Option `pageanchor' set `true' on input line 4073.
Package hyperref Info: Hyper figures OFF on input line 4192.
Package hyperref Info: Link nesting OFF on input line 4197.
Package hyperref Info: Hyper index ON on input line 4200.
Package hyperref Info: Plain pages OFF on input line 4207.
Package hyperref Info: Backreferencing OFF on input line 4212.
Package hyperref Info: Implicit mode ON; LaTeX internals redefined.
Package hyperref Info: Bookmarks ON on input line 4445.
\c@Hy@tempcnt=\count275

(/usr/local/texlive/2021/texmf-dist/tex/latex/url/url.sty
\Urlmuskip=\muskip17
Package: url 2013/09/16  ver 3.4  Verb mode for urls, etc.
)
LaTeX Info: Redefining \url on input line 4804.
\XeTeXLinkMargin=\dimen169

(/usr/local/texlive/2021/texmf-dist/tex/generic/bitset/bitset.sty
Package: bitset 2019/12/09 v1.3 Handle bit-vector datatype (HO)

(/usr/local/texlive/2021/texmf-dist/tex/generic/bigintcalc/bigintcalc.sty
Package: bigintcalc 2019/12/15 v1.5 Expandable calculations on big integers (HO
)
))
\Fld@menulength=\count276
\Field@Width=\dimen170
\Fld@charsize=\dimen171
Package hyperref Info: Hyper figures OFF on input line 6075.
Package hyperref Info: Link nesting OFF on input line 6080.
Package hyperref Info: Hyper index ON on input line 6083.
Package hyperref Info: backreferencing OFF on input line 6090.
Package hyperref Info: Link coloring OFF on input line 6095.
Package hyperref Info: Link coloring with OCG OFF on input line 6100.
Package hyperref Info: PDF/A mode OFF on input line 6105.
LaTeX Info: Redefining \ref on input line 6145.
LaTeX Info: Redefining \pageref on input line 6149.

(/usr/local/texlive/2021/texmf-dist/tex/latex/base/atbegshi-ltx.sty
Package: atbegshi-ltx 2020/08/17 v1.0a Emulation of the original atbegshi packa
ge
with kernel methods
)
\Hy@abspage=\count277
\c@Item=\count278
\c@Hfootnote=\count279
)
Package hyperref Info: Driver (autodetected): hpdftex.

(/usr/local/texlive/2021/texmf-dist/tex/latex/hyperref/hpdftex.def
File: hpdftex.def 2021-02-27 v7.00k Hyperref driver for pdfTeX

(/usr/local/texlive/2021/texmf-dist/tex/latex/base/atveryend-ltx.sty
Package: atveryend-ltx 2020/08/19 v1.0a Emulation of the original atvery packag
e
with kernel methods
)
\Fld@listcount=\count280
\c@bookmark@seq@number=\count281

(/usr/local/texlive/2021/texmf-dist/tex/latex/rerunfilecheck/rerunfilecheck.sty
Package: rerunfilecheck 2019/12/05 v1.9 Rerun checks for auxiliary files (HO)

(/usr/local/texlive/2021/texmf-dist/tex/generic/uniquecounter/uniquecounter.sty
Package: uniquecounter 2019/12/15 v1.4 Provide unlimited unique counter (HO)
)
Package uniquecounter Info: New unique counter `rerunfilecheck' on input line 2
86.
)
\Hy@SectionHShift=\skip56
) (/usr/local/texlive/2021/texmf-dist/tex/latex/float/float.sty
Package: float 2001/11/08 v1.3d Float enhancements (AL)
\c@float@type=\count282
\float@exts=\toks24
\float@box=\box50
\@float@everytoks=\toks25
\@floatcapt=\box51
)
(/usr/local/texlive/2021/texmf-dist/tex/latex/l3packages/xfrac/xfrac.sty
(/usr/local/texlive/2021/texmf-dist/tex/latex/l3kernel/expl3.sty
Package: expl3 2021-02-18 L3 programming layer (loader) 

(/usr/local/texlive/2021/texmf-dist/tex/latex/l3backend/l3backend-pdftex.def
File: l3backend-pdftex.def 2021-03-18 L3 backend support: PDF output (pdfTeX)
\l__color_backend_stack_int=\count283
\l__pdf_internal_box=\box52
))
(/usr/local/texlive/2021/texmf-dist/tex/latex/l3packages/l3keys2e/l3keys2e.sty
Package: l3keys2e 2021-03-12 LaTeX2e option processing using LaTeX3 keys
) (/usr/local/texlive/2021/texmf-dist/tex/latex/base/textcomp.sty
Package: textcomp 2020/02/02 v2.0n Standard LaTeX package
)
(/usr/local/texlive/2021/texmf-dist/tex/latex/l3packages/xparse/xparse.sty
(/usr/local/texlive/2021/texmf-dist/tex/latex/l3packages/xparse/xparse-2020-10-
01.sty
(/usr/local/texlive/2021/texmf-dist/tex/latex/l3packages/xparse/xparse-generic.
tex)))
(/usr/local/texlive/2021/texmf-dist/tex/latex/l3packages/xtemplate/xtemplate.st
y
Package: xtemplate 2021-03-12 L3 Experimental prototype document functions
\l__xtemplate_tmp_dim=\dimen172
\l__xtemplate_tmp_int=\count284
\l__xtemplate_tmp_muskip=\muskip18
\l__xtemplate_tmp_skip=\skip57
)
Package: xfrac 2021-03-12 L3 Experimental split-level fractions
\l__xfrac_slash_box=\box53
\l__xfrac_tmp_box=\box54
\l__xfrac_denominator_bot_sep_dim=\dimen173
\l__xfrac_numerator_bot_sep_dim=\dimen174
\l__xfrac_numerator_top_sep_dim=\dimen175
\l__xfrac_slash_left_sep_dim=\dimen176
\l__xfrac_slash_right_sep_dim=\dimen177
\l__xfrac_slash_left_muskip=\muskip19
\l__xfrac_slash_right_muskip=\muskip20

Package xtemplate Info: Declaring object type 'xfrac' taking 3 argument(s) on
(xtemplate)             line 80.

) (/usr/local/texlive/2021/texmf-dist/tex/latex/booktabs/booktabs.sty
Package: booktabs 2020/01/12 v1.61803398 Publication quality tables
\heavyrulewidth=\dimen178
\lightrulewidth=\dimen179
\cmidrulewidth=\dimen180
\belowrulesep=\dimen181
\belowbottomsep=\dimen182
\aboverulesep=\dimen183
\abovetopsep=\dimen184
\cmidrulesep=\dimen185
\cmidrulekern=\dimen186
\defaultaddspace=\dimen187
\@cmidla=\count285
\@cmidlb=\count286
\@aboverulesep=\dimen188
\@belowrulesep=\dimen189
\@thisruleclass=\count287
\@lastruleclass=\count288
\@thisrulewidth=\dimen190
)
(/usr/local/texlive/2021/texmf-dist/tex/latex/tools/tabularx.sty
Package: tabularx 2020/01/15 v2.11c `tabularx' package (DPC)

(/usr/local/texlive/2021/texmf-dist/tex/latex/tools/array.sty
Package: array 2020/10/01 v2.5c Tabular extension package (FMi)
\col@sep=\dimen191
\ar@mcellbox=\box55
\extrarowheight=\dimen192
\NC@list=\toks26
\extratabsurround=\skip58
\backup@length=\skip59
\ar@cellbox=\box56
)
\TX@col@width=\dimen193
\TX@old@table=\dimen194
\TX@old@col=\dimen195
\TX@target=\dimen196
\TX@delta=\dimen197
\TX@cols=\count289
\TX@ftn=\toks27
)
(/usr/local/texlive/2021/texmf-dist/tex/latex/caption/subcaption.sty
Package: subcaption 2020/10/07 v1.3j Sub-captions (AR)

(/usr/local/texlive/2021/texmf-dist/tex/latex/caption/caption.sty
Package: caption 2020/10/26 v3.5g Customizing captions (AR)

(/usr/local/texlive/2021/texmf-dist/tex/latex/caption/caption3.sty
Package: caption3 2020/10/21 v2.2e caption3 kernel (AR)
\captionmargin=\dimen198
\captionmargin@=\dimen199
\captionwidth=\dimen256
\caption@tempdima=\dimen257
\caption@indent=\dimen258
\caption@parindent=\dimen259
\caption@hangindent=\dimen260
Package caption Info: Standard document class detected.
)
\c@caption@flags=\count290
\c@continuedfloat=\count291
Package caption Info: float package is loaded.
Package caption Info: hyperref package is loaded.
)
\c@subfigure=\count292
\c@subtable=\count293
)
(/usr/local/texlive/2021/texmf-dist/tex/latex/biblatex/biblatex.sty
Package: biblatex 2020/12/31 v3.16 programmable bibliographies (PK/MW)

(/usr/local/texlive/2021/texmf-dist/tex/latex/etoolbox/etoolbox.sty
Package: etoolbox 2020/10/05 v2.5k e-TeX tools for LaTeX (JAW)
\etb@tempcnta=\count294
)
(/usr/local/texlive/2021/texmf-dist/tex/latex/logreq/logreq.sty
Package: logreq 2010/08/04 v1.0 xml request logger
\lrq@indent=\count295

(/usr/local/texlive/2021/texmf-dist/tex/latex/logreq/logreq.def
File: logreq.def 2010/08/04 v1.0 logreq spec v1.0
))
(/usr/local/texlive/2021/texmf-dist/tex/latex/base/ifthen.sty
Package: ifthen 2014/09/29 v1.1c Standard LaTeX ifthen package (DPC)
)
\c@tabx@nest=\count296
\c@listtotal=\count297
\c@listcount=\count298
\c@liststart=\count299
\c@liststop=\count300
\c@citecount=\count301
\c@citetotal=\count302
\c@multicitecount=\count303
\c@multicitetotal=\count304
\c@instcount=\count305
\c@maxnames=\count306
\c@minnames=\count307
\c@maxitems=\count308
\c@minitems=\count309
\c@citecounter=\count310
\c@maxcitecounter=\count311
\c@savedcitecounter=\count312
\c@uniquelist=\count313
\c@uniquename=\count314
\c@refsection=\count315
\c@refsegment=\count316
\c@maxextratitle=\count317
\c@maxextratitleyear=\count318
\c@maxextraname=\count319
\c@maxextradate=\count320
\c@maxextraalpha=\count321
\c@abbrvpenalty=\count322
\c@highnamepenalty=\count323
\c@lownamepenalty=\count324
\c@maxparens=\count325
\c@parenlevel=\count326
\blx@tempcnta=\count327
\blx@tempcntb=\count328
\blx@tempcntc=\count329
\blx@maxsection=\count330
\blx@maxsegment@0=\count331
\blx@notetype=\count332
\blx@parenlevel@text=\count333
\blx@parenlevel@foot=\count334
\blx@sectionciteorder@0=\count335
\blx@entrysetcounter=\count336
\blx@biblioinstance=\count337
\labelnumberwidth=\skip60
\labelalphawidth=\skip61
\biblabelsep=\skip62
\bibitemsep=\skip63
\bibnamesep=\skip64
\bibinitsep=\skip65
\bibparsep=\skip66
\bibhang=\skip67
\blx@bcfin=\read2
\blx@bcfout=\write3
\blx@langwohyphens=\language87
\c@mincomprange=\count338
\c@maxcomprange=\count339
\c@mincompwidth=\count340
Package biblatex Info: Trying to load biblatex default data model...
Package biblatex Info: ... file 'blx-dm.def' found.

(/usr/local/texlive/2021/texmf-dist/tex/latex/biblatex/blx-dm.def
File: blx-dm.def 2020/12/31 v3.16 biblatex localization (PK/MW)
)
Package biblatex Info: Trying to load biblatex style data model...
Package biblatex Info: ... file 'verbose-ibid.dbx' not found.
Package biblatex Info: Trying to load biblatex custom data model...
Package biblatex Info: ... file 'biblatex-dm.cfg' not found.
\c@afterword=\count341
\c@savedafterword=\count342
\c@annotator=\count343
\c@savedannotator=\count344
\c@author=\count345
\c@savedauthor=\count346
\c@bookauthor=\count347
\c@savedbookauthor=\count348
\c@commentator=\count349
\c@savedcommentator=\count350
\c@editor=\count351
\c@savededitor=\count352
\c@editora=\count353
\c@savededitora=\count354
\c@editorb=\count355
\c@savededitorb=\count356
\c@editorc=\count357
\c@savededitorc=\count358
\c@foreword=\count359
\c@savedforeword=\count360
\c@holder=\count361
\c@savedholder=\count362
\c@introduction=\count363
\c@savedintroduction=\count364
\c@namea=\count365
\c@savednamea=\count366
\c@nameb=\count367
\c@savednameb=\count368
\c@namec=\count369
\c@savednamec=\count370
\c@translator=\count371
\c@savedtranslator=\count372
\c@shortauthor=\count373
\c@savedshortauthor=\count374
\c@shorteditor=\count375
\c@savedshorteditor=\count376
\c@labelname=\count377
\c@savedlabelname=\count378
\c@institution=\count379
\c@savedinstitution=\count380
\c@lista=\count381
\c@savedlista=\count382
\c@listb=\count383
\c@savedlistb=\count384
\c@listc=\count385
\c@savedlistc=\count386
\c@listd=\count387
\c@savedlistd=\count388
\c@liste=\count389
\c@savedliste=\count390
\c@listf=\count391
\c@savedlistf=\count392
\c@location=\count393
\c@savedlocation=\count394
\c@organization=\count395
\c@savedorganization=\count396
\c@origlocation=\count397
\c@savedoriglocation=\count398
\c@origpublisher=\count399
\c@savedorigpublisher=\count400
\c@publisher=\count401
\c@savedpublisher=\count402
\c@language=\count403
\c@savedlanguage=\count404
\c@origlanguage=\count405
\c@savedoriglanguage=\count406
\c@pageref=\count407
\c@savedpageref=\count408
\shorthandwidth=\skip68
\shortjournalwidth=\skip69
\shortserieswidth=\skip70
\shorttitlewidth=\skip71
\shortauthorwidth=\skip72
\shorteditorwidth=\skip73
\locallabelnumberwidth=\skip74
\locallabelalphawidth=\skip75
\localshorthandwidth=\skip76
\localshortjournalwidth=\skip77
\localshortserieswidth=\skip78
\localshorttitlewidth=\skip79
\localshortauthorwidth=\skip80
\localshorteditorwidth=\skip81
Package biblatex Info: Trying to load compatibility code...
Package biblatex Info: ... file 'blx-compat.def' found.

(/usr/local/texlive/2021/texmf-dist/tex/latex/biblatex/blx-compat.def
File: blx-compat.def 2020/12/31 v3.16 biblatex compatibility (PK/MW)
)
Package biblatex Info: Trying to load BibTeX backend compatibility...
Package biblatex Info: ... file 'blx-bibtex.def' found.

(/usr/local/texlive/2021/texmf-dist/tex/latex/biblatex/blx-bibtex.def
File: blx-bibtex.def 2020/12/31 v3.16 biblatex compatibility (PK/MW)


Package biblatex Warning: Using fall-back BibTeX(8) backend:
(biblatex)                functionality may be reduced/unavailable.

)
Package biblatex Info: Trying to load generic definitions...
Package biblatex Info: ... file 'biblatex.def' found.
 (/usr/local/texlive/2021/texmf-dist/tex/latex/biblatex/biblatex.def
File: biblatex.def 2020/12/31 v3.16 biblatex compatibility (PK/MW)
\c@textcitecount=\count409
\c@textcitetotal=\count410
\c@textcitemaxnames=\count411
\c@biburlbigbreakpenalty=\count412
\c@biburlbreakpenalty=\count413
\c@biburlnumpenalty=\count414
\c@biburlucpenalty=\count415
\c@biburllcpenalty=\count416
\biburlbigskip=\muskip21
\biburlnumskip=\muskip22
\biburlucskip=\muskip23
\biburllcskip=\muskip24
\c@smartand=\count417
)
Package biblatex Info: Trying to load bibliography style 'verbose-ibid'...
Package biblatex Info: ... file 'verbose-ibid.bbx' found.

(/usr/local/texlive/2021/texmf-dist/tex/latex/biblatex/bbx/verbose-ibid.bbx
File: verbose-ibid.bbx 2020/12/31 v3.16 biblatex bibliography style (PK/MW)
Package biblatex Info: Trying to load bibliography style 'authortitle'...
Package biblatex Info: ... file 'authortitle.bbx' found.

(/usr/local/texlive/2021/texmf-dist/tex/latex/biblatex/bbx/authortitle.bbx
File: authortitle.bbx 2020/12/31 v3.16 biblatex bibliography style (PK/MW)
Package biblatex Info: Trying to load bibliography style 'standard'...
Package biblatex Info: ... file 'standard.bbx' found.

(/usr/local/texlive/2021/texmf-dist/tex/latex/biblatex/bbx/standard.bbx
File: standard.bbx 2020/12/31 v3.16 biblatex bibliography style (PK/MW)
\c@bbx:relatedcount=\count418
\c@bbx:relatedtotal=\count419
)))
Package biblatex Info: Trying to load citation style 'verbose-ibid'...
Package biblatex Info: ... file 'verbose-ibid.cbx' found.

(/usr/local/texlive/2021/texmf-dist/tex/latex/biblatex/cbx/verbose-ibid.cbx
File: verbose-ibid.cbx 2020/12/31 v3.16 biblatex citation style (PK/MW)
Package biblatex Info: Redefining '\cite'.
Package biblatex Info: Redefining '\parencite'.
Package biblatex Info: Redefining '\footcite'.
Package biblatex Info: Redefining '\footcitetext'.
Package biblatex Info: Redefining '\smartcite'.
Package biblatex Info: Redefining '\textcite'.
Package biblatex Info: Redefining '\textcites'.
)
Package biblatex Info: Trying to load configuration file...
Package biblatex Info: ... file 'biblatex.cfg' found.

(/usr/local/texlive/2021/texmf-dist/tex/latex/biblatex/biblatex.cfg
File: biblatex.cfg 
))
(/usr/local/texlive/2021/texmf-dist/tex/latex/listings/listings.sty
\lst@mode=\count420
\lst@gtempboxa=\box57
\lst@token=\toks28
\lst@length=\count421
\lst@currlwidth=\dimen261
\lst@column=\count422
\lst@pos=\count423
\lst@lostspace=\dimen262
\lst@width=\dimen263
\lst@newlines=\count424
\lst@lineno=\count425
\lst@maxwidth=\dimen264

(/usr/local/texlive/2021/texmf-dist/tex/latex/listings/lstmisc.sty
File: lstmisc.sty 2020/03/24 1.8d (Carsten Heinz)
\c@lstnumber=\count426
\lst@skipnumbers=\count427
\lst@framebox=\box58
)
(/usr/local/texlive/2021/texmf-dist/tex/latex/listings/listings.cfg
File: listings.cfg 2020/03/24 1.8d listings configuration
))
Package: listings 2020/03/24 1.8d (Carsten Heinz)

(/usr/local/texlive/2021/texmf-dist/tex/latex/graphics/color.sty
Package: color 2020/02/24 v1.2b Standard LaTeX Color (DPC)

(/usr/local/texlive/2021/texmf-dist/tex/latex/graphics-cfg/color.cfg
File: color.cfg 2016/01/02 v1.6 sample color configuration
)
Package color Info: Driver file: pdftex.def on input line 147.
)
(/usr/local/texlive/2021/texmf-dist/tex/latex/listings/lstlang1.sty
File: lstlang1.sty 2020/03/24 1.8d listings language file
)
(/usr/local/texlive/2021/texmf-dist/tex/latex/pdfpages/pdfpages.sty
Package: pdfpages 2021/03/06 v0.5t Insert pages of external PDF documents (AM)

(/usr/local/texlive/2021/texmf-dist/tex/latex/eso-pic/eso-pic.sty
Package: eso-pic 2020/10/14 v3.0a eso-pic (RN)
\ESO@tempdima=\dimen265
\ESO@tempdimb=\dimen266
)
\AM@pagewidth=\dimen267
\AM@pageheight=\dimen268
\AM@fboxrule=\dimen269

(/usr/local/texlive/2021/texmf-dist/tex/latex/pdfpages/pppdftex.def
File: pppdftex.def 2021/03/06 v0.5t Pdfpages driver for pdfTeX (AM)
)
\pdfpages@includegraphics@status=\count428
\AM@pagebox=\box59
\AM@global@opts=\toks29
\AM@pagecnt=\count429
\AM@toc@title=\toks30
\c@AM@survey=\count430
\AM@templatesizebox=\box60
)
(/usr/local/texlive/2021/texmf-dist/tex/generic/babel/babel.sty
Package: babel 2021/03/24 3.56 The Babel package

(/usr/local/texlive/2021/texmf-dist/tex/generic/babel/babel.def
File: babel.def 2021/03/24 3.56 Babel common definitions
\babel@savecnt=\count431
\U@D=\dimen270
\l@babelnohyphens=\language88

(/usr/local/texlive/2021/texmf-dist/tex/generic/babel/txtbabel.def)
\bbl@readstream=\read3
)
\bbl@dirlevel=\count432

(/usr/local/texlive/2021/texmf-dist/tex/generic/babel-english/english.ldf
Language: english 2017/06/06 v3.3r English support from the babel system
Package babel Info: \l@canadian = using hyphenrules for english
(babel)             (\language0) on input line 102.
Package babel Info: \l@australian = using hyphenrules for ukenglish
(babel)             (\language21) on input line 105.
Package babel Info: \l@newzealand = using hyphenrules for ukenglish
(babel)             (\language21) on input line 108.
))
(/usr/local/texlive/2021/texmf-dist/tex/latex/csquotes/csquotes.sty
Package: csquotes 2021-02-22 v5.2l context-sensitive quotations (JAW)
\csq@reset=\count433
\csq@gtype=\count434
\csq@glevel=\count435
\csq@qlevel=\count436
\csq@maxlvl=\count437
\csq@tshold=\count438
\csq@ltx@everypar=\toks31

(/usr/local/texlive/2021/texmf-dist/tex/latex/csquotes/csquotes.def
File: csquotes.def 2021-02-22 v5.2l csquotes generic definitions (JAW)
)
Package csquotes Info: Trying to load configuration file 'csquotes.cfg'...
Package csquotes Info: ... configuration file loaded successfully.

(/usr/local/texlive/2021/texmf-dist/tex/latex/csquotes/csquotes.cfg
File: csquotes.cfg 
)
Package csquotes Info: Enabling multilingual quotes.
Package csquotes Info: Redefining alias 'english' -> 'english/american'.
)
Package csquotes Info: Allocating character ".
Package csquotes Info: Checking for multilingual support...
Package csquotes Info: ... found 'babel' package.

(./experimenting.aux)
\openout1 = `experimenting.aux'.

LaTeX Font Info:    Checking defaults for OML/cmm/m/it on input line 63.
LaTeX Font Info:    ... okay on input line 63.
LaTeX Font Info:    Checking defaults for OMS/cmsy/m/n on input line 63.
LaTeX Font Info:    ... okay on input line 63.
LaTeX Font Info:    Checking defaults for OT1/cmr/m/n on input line 63.
LaTeX Font Info:    ... okay on input line 63.
LaTeX Font Info:    Checking defaults for T1/cmr/m/n on input line 63.
LaTeX Font Info:    ... okay on input line 63.
LaTeX Font Info:    Checking defaults for TS1/cmr/m/n on input line 63.
LaTeX Font Info:    ... okay on input line 63.
LaTeX Font Info:    Checking defaults for OMX/cmex/m/n on input line 63.
LaTeX Font Info:    ... okay on input line 63.
LaTeX Font Info:    Checking defaults for U/cmr/m/n on input line 63.
LaTeX Font Info:    ... okay on input line 63.
LaTeX Font Info:    Checking defaults for PD1/pdf/m/n on input line 63.
LaTeX Font Info:    ... okay on input line 63.
LaTeX Font Info:    Checking defaults for PU/pdf/m/n on input line 63.
LaTeX Font Info:    ... okay on input line 63.

*geometry* driver: auto-detecting
*geometry* detected driver: pdftex
*geometry* verbose mode - [ preamble ] result:
* driver: pdftex
* paper: a4paper
* layout: <same size as paper>
* layoutoffset:(h,v)=(0.0pt,0.0pt)
* modes: 
* h-part:(L,W,R)=(90.3375pt, 416.83289pt, 90.3375pt)
* v-part:(T,H,B)=(90.3375pt, 664.37186pt, 90.3375pt)
* \paperwidth=597.50787pt
* \paperheight=845.04684pt
* \textwidth=416.83289pt
* \textheight=664.37186pt
* \oddsidemargin=18.0675pt
* \evensidemargin=18.0675pt
* \topmargin=-18.9325pt
* \headheight=12.0pt
* \headsep=25.0pt
* \topskip=12.0pt
* \footskip=30.0pt
* \marginparwidth=44.0pt
* \marginparsep=10.0pt
* \columnsep=10.0pt
* \skip\footins=10.8pt plus 4.0pt minus 2.0pt
* \hoffset=0.0pt
* \voffset=0.0pt
* \mag=1000
* \@twocolumnfalse
* \@twosidefalse
* \@mparswitchfalse
* \@reversemarginfalse
* (1in=72.27pt=25.4mm, 1cm=28.453pt)

(/usr/local/texlive/2021/texmf-dist/tex/context/base/mkii/supp-pdf.mkii
[Loading MPS to PDF converter (version 2006.09.02).]
\scratchcounter=\count439
\scratchdimen=\dimen271
\scratchbox=\box61
\nofMPsegments=\count440
\nofMParguments=\count441
\everyMPshowfont=\toks32
\MPscratchCnt=\count442
\MPscratchDim=\dimen272
\MPnumerator=\count443
\makeMPintoPDFobject=\count444
\everyMPtoPDFconversion=\toks33
) (/usr/local/texlive/2021/texmf-dist/tex/latex/epstopdf-pkg/epstopdf-base.sty
Package: epstopdf-base 2020-01-24 v2.11 Base part for package epstopdf

(/usr/local/texlive/2021/texmf-dist/tex/latex/grfext/grfext.sty
Package: grfext 2019/12/03 v1.3 Manage graphics extensions (HO)
)
Package epstopdf-base Info: Redefining graphics rule for `.eps' on input line 4
85.
Package grfext Info: Graphics extension search list:
(grfext)             [.pdf,.png,.jpg,.mps,.jpeg,.jbig2,.jb2,.PDF,.PNG,.JPG,.JPE
G,.JBIG2,.JB2,.eps]
(grfext)             \AppendGraphicsExtensions on input line 504.

(/usr/local/texlive/2021/texmf-dist/tex/latex/latexconfig/epstopdf-sys.cfg
File: epstopdf-sys.cfg 2010/07/13 v1.3 Configuration of (r)epstopdf for TeX Liv
e
))
Package hyperref Info: Link coloring OFF on input line 63.

(/usr/local/texlive/2021/texmf-dist/tex/latex/hyperref/nameref.sty
Package: nameref 2021-04-02 v2.47 Cross-referencing by name of section

(/usr/local/texlive/2021/texmf-dist/tex/latex/refcount/refcount.sty
Package: refcount 2019/12/15 v3.6 Data extraction from label references (HO)
)
(/usr/local/texlive/2021/texmf-dist/tex/generic/gettitlestring/gettitlestring.s
ty
Package: gettitlestring 2019/12/15 v1.6 Cleanup title references (HO)
)
\c@section@level=\count445
)
LaTeX Info: Redefining \ref on input line 63.
LaTeX Info: Redefining \pageref on input line 63.
LaTeX Info: Redefining \nameref on input line 63.
 (./experimenting.out) (./experimenting.out)
\@outlinefile=\write4
\openout4 = `experimenting.out'.

Package caption Info: Begin \AtBeginDocument code.
Package caption Info: listings package is loaded.
Package caption Info: End \AtBeginDocument code.
Package biblatex Info: Trying to load language 'english'...
Package biblatex Info: ... file 'english.lbx' found.

(/usr/local/texlive/2021/texmf-dist/tex/latex/biblatex/lbx/english.lbx
File: english.lbx 2020/12/31 v3.16 biblatex localization (PK/MW)
)
Package biblatex Info: Input encoding 'utf8' detected.
Package biblatex Info: Automatic encoding selection.
(biblatex)             Assuming data encoding 'utf8'.
Package biblatex Info: Input encoding 'utf8' specified.
Package biblatex Info: Data encoding 'utf8' specified.
(biblatex)             No need to reencode data.
Package biblatex Info: Document encoding is UTF8 ....
Package biblatex Info: ... and expl3
(biblatex)             2021-02-18 L3 programming layer (loader) 
(biblatex)             is new enough (at least 2020/04/06),
(biblatex)             setting 'casechanger=expl3'.

(/usr/local/texlive/2021/texmf-dist/tex/latex/biblatex/blx-case-expl3.sty
Package: blx-case-expl3 2020/12/31 v3.16 expl3 case changing code for biblatex
)
\openout3 = `experimenting-blx.bib'.

Package biblatex Info: Trying to load bibliographic data...
Package biblatex Info: ... file 'experimenting.bbl' found.

(./experimenting.bbl

Package biblatex Warning: BibTeX reported the following issues
(biblatex)                with 'alabama':
(biblatex)                - Invalid format of field 'month'.


Package biblatex Warning: BibTeX reported the following issues
(biblatex)                with 'harten_2018':
(biblatex)                - Invalid format of field 'month'.

)
Package biblatex Info: Reference section=0 on input line 63.
Package biblatex Info: Reference segment=0 on input line 63.
\c@lstlisting=\count446
 (/usr/local/texlive/2021/texmf-dist/tex/latex/pdflscape/pdflscape.sty
Package: pdflscape 2019/12/05 v0.12 Display of landscape pages in PDF (HO)

(/usr/local/texlive/2021/texmf-dist/tex/latex/graphics/lscape.sty
Package: lscape 2020/05/28 v3.02 Landscape Pages (DPC)
)
Package pdflscape Info: Auto-detected driver: pdftex on input line 81.
)
Package csquotes Info: Making character " active on input line 63.
LaTeX Font Info:    Trying to load font information for U+msa on input line 65.


(/usr/local/texlive/2021/texmf-dist/tex/latex/amsfonts/umsa.fd
File: umsa.fd 2013/01/14 v3.01 AMS symbols A
)
LaTeX Font Info:    Trying to load font information for U+msb on input line 65.


(/usr/local/texlive/2021/texmf-dist/tex/latex/amsfonts/umsb.fd
File: umsb.fd 2013/01/14 v3.01 AMS symbols B
)
(./experimenting.toc)
\tf@toc=\write5
\openout5 = `experimenting.toc'.

 [1

{/usr/local/texlive/2021/texmf-var/fonts/map/pdftex/updmap/pdftex.map}]

LaTeX Warning: Command \textendash invalid in math mode on input line 75.


LaTeX Warning: Command \textendash invalid in math mode on input line 75.


LaTeX Warning: Command \textendash invalid in math mode on input line 75.


LaTeX Warning: Command \textendash invalid in math mode on input line 75.


LaTeX Warning: Command \textendash invalid in math mode on input line 75.

[2]
<images//tone gen ui.png, id=77, 1014.28937pt x 743.77875pt>
File: images//tone gen ui.png Graphic file (type png)
<use images//tone gen ui.png>
Package pdftex.def Info: images//tone gen ui.png  used on input line 88.
(pdftex.def)             Requested size: 354.31049pt x 259.81575pt.
 [3 <./images//tone gen ui.png>]

LaTeX Warning: Command \textendash invalid in math mode on input line 103.


LaTeX Warning: Command \textendash invalid in math mode on input line 103.


LaTeX Warning: Command \textendash invalid in math mode on input line 103.


LaTeX Warning: Command \textendash invalid in math mode on input line 103.

[4]
<images//anthem.jpeg, id=109, 1564.84625pt x 998.73125pt>
File: images//anthem.jpeg Graphic file (type jpg)
<use images//anthem.jpeg>
Package pdftex.def Info: images//anthem.jpeg  used on input line 112.
(pdftex.def)             Requested size: 354.31049pt x 226.1221pt.
 [5] [6 <./images//anthem.jpeg>]
<images/fallingmysts.pdf, id=130, 686.565pt x 867.24pt>
File: images/fallingmysts.pdf Graphic file (type pdf)
<use images/fallingmysts.pdf>
Package pdftex.def Info: images/fallingmysts.pdf  used on input line 161.
(pdftex.def)             Requested size: 686.56332pt x 867.2379pt.
File: images/fallingmysts.pdf Graphic file (type pdf)
<use images/fallingmysts.pdf>
Package pdftex.def Info: images/fallingmysts.pdf  used on input line 161.
(pdftex.def)             Requested size: 686.56332pt x 867.2379pt.
<images/fallingmysts.pdf, id=133, page=1, 686.565pt x 867.24pt>
File: images/fallingmysts.pdf Graphic file (type pdf)
<use images/fallingmysts.pdf, page 1>
Package pdftex.def Info: images/fallingmysts.pdf , page1 used on input line 161
.
(pdftex.def)             Requested size: 686.56332pt x 867.2379pt.
File: images/fallingmysts.pdf Graphic file (type pdf)
<use images/fallingmysts.pdf, page 1>
Package pdftex.def Info: images/fallingmysts.pdf , page1 used on input line 161
.
(pdftex.def)             Requested size: 597.99815pt x 755.3661pt.
 [7]
File: images/fallingmysts.pdf Graphic file (type pdf)
<use images/fallingmysts.pdf, page 1>
Package pdftex.def Info: images/fallingmysts.pdf , page1 used on input line 161
.
(pdftex.def)             Requested size: 597.99815pt x 755.3661pt.
File: images/fallingmysts.pdf Graphic file (type pdf)
<use images/fallingmysts.pdf, page 1>
Package pdftex.def Info: images/fallingmysts.pdf , page1 used on input line 161
.
(pdftex.def)             Requested size: 597.99815pt x 755.3661pt.
File: images/fallingmysts.pdf Graphic file (type pdf)
<use images/fallingmysts.pdf, page 1>
Package pdftex.def Info: images/fallingmysts.pdf , page1 used on input line 161
.
(pdftex.def)             Requested size: 597.99815pt x 755.3661pt.
 [8 <./images/fallingmysts.pdf>]
<images/fallingmysts.pdf, id=185, page=2, 686.565pt x 867.24pt>
File: images/fallingmysts.pdf Graphic file (type pdf)
<use images/fallingmysts.pdf, page 2>
Package pdftex.def Info: images/fallingmysts.pdf , page2 used on input line 161
.
(pdftex.def)             Requested size: 597.99815pt x 755.3661pt.
File: images/fallingmysts.pdf Graphic file (type pdf)
<use images/fallingmysts.pdf, page 2>
Package pdftex.def Info: images/fallingmysts.pdf , page2 used on input line 161
.
(pdftex.def)             Requested size: 597.99815pt x 755.3661pt.
File: images/fallingmysts.pdf Graphic file (type pdf)
<use images/fallingmysts.pdf, page 2>
Package pdftex.def Info: images/fallingmysts.pdf , page2 used on input line 161
.
(pdftex.def)             Requested size: 597.99815pt x 755.3661pt.

[9 <./images/fallingmysts.pdf>]
<images/fallingmysts.pdf, id=190, page=3, 686.565pt x 867.24pt>
File: images/fallingmysts.pdf Graphic file (type pdf)
<use images/fallingmysts.pdf, page 3>
Package pdftex.def Info: images/fallingmysts.pdf , page3 used on input line 161
.
(pdftex.def)             Requested size: 597.99815pt x 755.3661pt.
File: images/fallingmysts.pdf Graphic file (type pdf)
<use images/fallingmysts.pdf, page 3>
Package pdftex.def Info: images/fallingmysts.pdf , page3 used on input line 161
.
(pdftex.def)             Requested size: 597.99815pt x 755.3661pt.
File: images/fallingmysts.pdf Graphic file (type pdf)
<use images/fallingmysts.pdf, page 3>
Package pdftex.def Info: images/fallingmysts.pdf , page3 used on input line 161
.
(pdftex.def)             Requested size: 597.99815pt x 755.3661pt.
 [10 <./images/fallingmysts.pdf>]
<images/fallingmysts.pdf, id=195, page=4, 686.565pt x 867.24pt>
File: images/fallingmysts.pdf Graphic file (type pdf)
<use images/fallingmysts.pdf, page 4>
Package pdftex.def Info: images/fallingmysts.pdf , page4 used on input line 161
.
(pdftex.def)             Requested size: 597.99815pt x 755.3661pt.
File: images/fallingmysts.pdf Graphic file (type pdf)
<use images/fallingmysts.pdf, page 4>
Package pdftex.def Info: images/fallingmysts.pdf , page4 used on input line 161
.
(pdftex.def)             Requested size: 597.99815pt x 755.3661pt.
File: images/fallingmysts.pdf Graphic file (type pdf)
<use images/fallingmysts.pdf, page 4>
Package pdftex.def Info: images/fallingmysts.pdf , page4 used on input line 161
.
(pdftex.def)             Requested size: 597.99815pt x 755.3661pt.
 [11 <./images/fallingmysts.pdf>]
<images/fallingmysts.pdf, id=200, page=5, 686.565pt x 867.24pt>
File: images/fallingmysts.pdf Graphic file (type pdf)
<use images/fallingmysts.pdf, page 5>
Package pdftex.def Info: images/fallingmysts.pdf , page5 used on input line 161
.
(pdftex.def)             Requested size: 597.99815pt x 755.3661pt.
File: images/fallingmysts.pdf Graphic file (type pdf)
<use images/fallingmysts.pdf, page 5>
Package pdftex.def Info: images/fallingmysts.pdf , page5 used on input line 161
.
(pdftex.def)             Requested size: 597.99815pt x 755.3661pt.
File: images/fallingmysts.pdf Graphic file (type pdf)
<use images/fallingmysts.pdf, page 5>
Package pdftex.def Info: images/fallingmysts.pdf , page5 used on input line 161
.
(pdftex.def)             Requested size: 597.99815pt x 755.3661pt.
 [12 <./images/fallingmysts.pdf>]
<images/fallingmysts.pdf, id=205, page=6, 686.565pt x 867.24pt>
File: images/fallingmysts.pdf Graphic file (type pdf)
<use images/fallingmysts.pdf, page 6>
Package pdftex.def Info: images/fallingmysts.pdf , page6 used on input line 161
.
(pdftex.def)             Requested size: 597.99815pt x 755.3661pt.
File: images/fallingmysts.pdf Graphic file (type pdf)
<use images/fallingmysts.pdf, page 6>
Package pdftex.def Info: images/fallingmysts.pdf , page6 used on input line 161
.
(pdftex.def)             Requested size: 597.99815pt x 755.3661pt.
File: images/fallingmysts.pdf Graphic file (type pdf)
<use images/fallingmysts.pdf, page 6>
Package pdftex.def Info: images/fallingmysts.pdf , page6 used on input line 161
.
(pdftex.def)             Requested size: 597.99815pt x 755.3661pt.
 [13 <./images/fallingmysts.pdf>]
<images/fallingmysts.pdf, id=211, page=7, 686.565pt x 867.24pt>
File: images/fallingmysts.pdf Graphic file (type pdf)
<use images/fallingmysts.pdf, page 7>
Package pdftex.def Info: images/fallingmysts.pdf , page7 used on input line 161
.
(pdftex.def)             Requested size: 597.99815pt x 755.3661pt.
File: images/fallingmysts.pdf Graphic file (type pdf)
<use images/fallingmysts.pdf, page 7>
Package pdftex.def Info: images/fallingmysts.pdf , page7 used on input line 161
.
(pdftex.def)             Requested size: 597.99815pt x 755.3661pt.
File: images/fallingmysts.pdf Graphic file (type pdf)
<use images/fallingmysts.pdf, page 7>
Package pdftex.def Info: images/fallingmysts.pdf , page7 used on input line 161
.
(pdftex.def)             Requested size: 597.99815pt x 755.3661pt.
 [14 <./images/fallingmysts.pdf>]
<images/fallingmysts.pdf, id=216, page=8, 686.565pt x 867.24pt>
File: images/fallingmysts.pdf Graphic file (type pdf)
<use images/fallingmysts.pdf, page 8>
Package pdftex.def Info: images/fallingmysts.pdf , page8 used on input line 161
.
(pdftex.def)             Requested size: 597.99815pt x 755.3661pt.
File: images/fallingmysts.pdf Graphic file (type pdf)
<use images/fallingmysts.pdf, page 8>
Package pdftex.def Info: images/fallingmysts.pdf , page8 used on input line 161
.
(pdftex.def)             Requested size: 597.99815pt x 755.3661pt.
File: images/fallingmysts.pdf Graphic file (type pdf)
<use images/fallingmysts.pdf, page 8>
Package pdftex.def Info: images/fallingmysts.pdf , page8 used on input line 161
.
(pdftex.def)             Requested size: 597.99815pt x 755.3661pt.
 [15 <./images/fallingmysts.pdf>]
<images/fallingmysts.pdf, id=221, page=9, 686.565pt x 867.24pt>
File: images/fallingmysts.pdf Graphic file (type pdf)
<use images/fallingmysts.pdf, page 9>
Package pdftex.def Info: images/fallingmysts.pdf , page9 used on input line 161
.
(pdftex.def)             Requested size: 597.99815pt x 755.3661pt.
File: images/fallingmysts.pdf Graphic file (type pdf)
<use images/fallingmysts.pdf, page 9>
Package pdftex.def Info: images/fallingmysts.pdf , page9 used on input line 161
.
(pdftex.def)             Requested size: 597.99815pt x 755.3661pt.
File: images/fallingmysts.pdf Graphic file (type pdf)
<use images/fallingmysts.pdf, page 9>
Package pdftex.def Info: images/fallingmysts.pdf , page9 used on input line 161
.
(pdftex.def)             Requested size: 597.99815pt x 755.3661pt.

[16 <./images/fallingmysts.pdf>]
<images/fallingmysts.pdf, id=226, page=10, 686.565pt x 867.24pt>
File: images/fallingmysts.pdf Graphic file (type pdf)
<use images/fallingmysts.pdf, page 10>
Package pdftex.def Info: images/fallingmysts.pdf , page10 used on input line 16
1.
(pdftex.def)             Requested size: 597.99815pt x 755.3661pt.
File: images/fallingmysts.pdf Graphic file (type pdf)
<use images/fallingmysts.pdf, page 10>
Package pdftex.def Info: images/fallingmysts.pdf , page10 used on input line 16
1.
(pdftex.def)             Requested size: 597.99815pt x 755.3661pt.
File: images/fallingmysts.pdf Graphic file (type pdf)
<use images/fallingmysts.pdf, page 10>
Package pdftex.def Info: images/fallingmysts.pdf , page10 used on input line 16
1.
(pdftex.def)             Requested size: 597.99815pt x 755.3661pt.
 [17 <./images/fallingmysts.pdf>]
<images/5o8.pdf, id=231, 614.295pt x 794.97pt>
File: images/5o8.pdf Graphic file (type pdf)
<use images/5o8.pdf>
Package pdftex.def Info: images/5o8.pdf  used on input line 163.
(pdftex.def)             Requested size: 614.29349pt x 794.96806pt.
File: images/5o8.pdf Graphic file (type pdf)
<use images/5o8.pdf>
Package pdftex.def Info: images/5o8.pdf  used on input line 163.
(pdftex.def)             Requested size: 614.29349pt x 794.96806pt.
<images/5o8.pdf, id=234, page=1, 614.295pt x 794.97pt>
File: images/5o8.pdf Graphic file (type pdf)
<use images/5o8.pdf, page 1>
Package pdftex.def Info: images/5o8.pdf , page1 used on input line 163.
(pdftex.def)             Requested size: 614.29349pt x 794.96806pt.
File: images/5o8.pdf Graphic file (type pdf)
<use images/5o8.pdf, page 1>
Package pdftex.def Info: images/5o8.pdf , page1 used on input line 163.
(pdftex.def)             Requested size: 597.78697pt x 773.60669pt.
File: images/5o8.pdf Graphic file (type pdf)
<use images/5o8.pdf, page 1>
Package pdftex.def Info: images/5o8.pdf , page1 used on input line 163.
(pdftex.def)             Requested size: 597.78697pt x 773.60669pt.
File: images/5o8.pdf Graphic file (type pdf)
<use images/5o8.pdf, page 1>
Package pdftex.def Info: images/5o8.pdf , page1 used on input line 163.
(pdftex.def)             Requested size: 597.78697pt x 773.60669pt.
File: images/5o8.pdf Graphic file (type pdf)
<use images/5o8.pdf, page 1>
Package pdftex.def Info: images/5o8.pdf , page1 used on input line 163.
(pdftex.def)             Requested size: 597.78697pt x 773.60669pt.
 [18 <./images/5o8.pdf>]
<images/5o8.pdf, id=276, page=2, 614.295pt x 794.97pt>
File: images/5o8.pdf Graphic file (type pdf)
<use images/5o8.pdf, page 2>
Package pdftex.def Info: images/5o8.pdf , page2 used on input line 163.
(pdftex.def)             Requested size: 597.78697pt x 773.60669pt.
File: images/5o8.pdf Graphic file (type pdf)
<use images/5o8.pdf, page 2>
Package pdftex.def Info: images/5o8.pdf , page2 used on input line 163.
(pdftex.def)             Requested size: 597.78697pt x 773.60669pt.
File: images/5o8.pdf Graphic file (type pdf)
<use images/5o8.pdf, page 2>
Package pdftex.def Info: images/5o8.pdf , page2 used on input line 163.
(pdftex.def)             Requested size: 597.78697pt x 773.60669pt.
 [19 <./images/5o8.pdf>]
<images/5o8.pdf, id=282, page=3, 614.295pt x 794.97pt>
File: images/5o8.pdf Graphic file (type pdf)
<use images/5o8.pdf, page 3>
Package pdftex.def Info: images/5o8.pdf , page3 used on input line 163.
(pdftex.def)             Requested size: 597.78697pt x 773.60669pt.
File: images/5o8.pdf Graphic file (type pdf)
<use images/5o8.pdf, page 3>
Package pdftex.def Info: images/5o8.pdf , page3 used on input line 163.
(pdftex.def)             Requested size: 597.78697pt x 773.60669pt.
File: images/5o8.pdf Graphic file (type pdf)
<use images/5o8.pdf, page 3>
Package pdftex.def Info: images/5o8.pdf , page3 used on input line 163.
(pdftex.def)             Requested size: 597.78697pt x 773.60669pt.
 [20 <./images/5o8.pdf>]
<images/5o8.pdf, id=287, page=4, 614.295pt x 794.97pt>
File: images/5o8.pdf Graphic file (type pdf)
<use images/5o8.pdf, page 4>
Package pdftex.def Info: images/5o8.pdf , page4 used on input line 163.
(pdftex.def)             Requested size: 597.78697pt x 773.60669pt.
File: images/5o8.pdf Graphic file (type pdf)
<use images/5o8.pdf, page 4>
Package pdftex.def Info: images/5o8.pdf , page4 used on input line 163.
(pdftex.def)             Requested size: 597.78697pt x 773.60669pt.
File: images/5o8.pdf Graphic file (type pdf)
<use images/5o8.pdf, page 4>
Package pdftex.def Info: images/5o8.pdf , page4 used on input line 163.
(pdftex.def)             Requested size: 597.78697pt x 773.60669pt.
 [21 <./images/5o8.pdf>]
<images/5o8.pdf, id=299, page=5, 614.295pt x 794.97pt>
File: images/5o8.pdf Graphic file (type pdf)
<use images/5o8.pdf, page 5>
Package pdftex.def Info: images/5o8.pdf , page5 used on input line 163.
(pdftex.def)             Requested size: 597.78697pt x 773.60669pt.
File: images/5o8.pdf Graphic file (type pdf)
<use images/5o8.pdf, page 5>
Package pdftex.def Info: images/5o8.pdf , page5 used on input line 163.
(pdftex.def)             Requested size: 597.78697pt x 773.60669pt.
File: images/5o8.pdf Graphic file (type pdf)
<use images/5o8.pdf, page 5>
Package pdftex.def Info: images/5o8.pdf , page5 used on input line 163.
(pdftex.def)             Requested size: 597.78697pt x 773.60669pt.
 [22 <./images/5o8.pdf>] (./experimenting.aux)

LaTeX Warning: There were undefined references.


LaTeX Warning: Label(s) may have changed. Rerun to get cross-references right.

Package rerunfilecheck Info: File `experimenting.out' has not changed.
(rerunfilecheck)             Checksum: 6632DCC383467F57E0741D68A4DBA010;2550.

Package biblatex Warning: Please rerun LaTeX.
(biblatex)                Page breaks have changed.

Package logreq Info: Writing requests to 'experimenting.run.xml'.
\openout1 = `experimenting.run.xml'.

 ) 
Here is how much of TeX's memory you used:
 22703 strings out of 478994
 384842 string characters out of 5858184
 990302 words of memory out of 5000000
 39819 multiletter control sequences out of 15000+600000
 414470 words of font info for 70 fonts, out of 8000000 for 9000
 1141 hyphenation exceptions out of 8191
 71i,17n,80p,1957b,1982s stack positions out of 5000i,500n,10000p,200000b,80000s
</usr/local/texlive/2021/texmf-dist/fonts/type1/public/amsfonts/cm/cmbx12.pfb
></usr/local/texlive/2021/texmf-dist/fonts/type1/public/amsfonts/cm/cmcsc10.pfb
></usr/local/texlive/2021/texmf-dist/fonts/type1/public/amsfonts/cm/cmmi12.pfb>
</usr/local/texlive/2021/texmf-dist/fonts/type1/public/amsfonts/cm/cmr10.pfb></
usr/local/texlive/2021/texmf-dist/fonts/type1/public/amsfonts/cm/cmr12.pfb></us
r/local/texlive/2021/texmf-dist/fonts/type1/public/amsfonts/cm/cmr17.pfb></usr/
local/texlive/2021/texmf-dist/fonts/type1/public/amsfonts/cm/cmr6.pfb></usr/loc
al/texlive/2021/texmf-dist/fonts/type1/public/amsfonts/cm/cmr7.pfb></usr/local/
texlive/2021/texmf-dist/fonts/type1/public/amsfonts/cm/cmr8.pfb></usr/local/tex
live/2021/texmf-dist/fonts/type1/public/amsfonts/cm/cmsy10.pfb></usr/local/texl
ive/2021/texmf-dist/fonts/type1/public/amsfonts/cm/cmti10.pfb></usr/local/texli
ve/2021/texmf-dist/fonts/type1/public/amsfonts/cm/cmti12.pfb></usr/local/texliv
e/2021/texmf-dist/fonts/type1/public/amsfonts/cm/cmtt10.pfb></usr/local/texlive
/2021/texmf-dist/fonts/type1/public/amsfonts/cm/cmtt12.pfb>
Output written on experimenting.pdf (22 pages, 1018443 bytes).
PDF statistics:
 363 PDF objects out of 1000 (max. 8388607)
 265 compressed objects within 3 object streams
 47 named destinations out of 1000 (max. 500000)
 204 words of extra memory for PDF output out of 10000 (max. 10000000)

